current directory: /home/allanl/Projects/flakes/rails-sample/.gem/ruby/3.3.0/gems/prism-1.7.0/ext/prism
/nix/store/x5y7r23d2j2g0rq7dqfvka9zqc3qfhz8-ruby-3.3.10/bin/ruby extconf.rb
checking for prism.h in /home/allanl/Projects/flakes/rails-sample/.gem/ruby/3.3.0/gems/prism-1.7.0/include... yes
checking for prism/extension.h in /home/allanl/Projects/flakes/rails-sample/.gem/ruby/3.3.0/gems/prism-1.7.0/ext... yes
checking for whether -fvisibility=hidden is accepted as CFLAGS... yes
creating Makefile

current directory: /home/allanl/Projects/flakes/rails-sample/.gem/ruby/3.3.0/gems/prism-1.7.0/ext/prism
make DESTDIR\= sitearchdir\=./.gem.20260104-60383-371wkz sitelibdir\=./.gem.20260104-60383-371wkz clean

current directory: /home/allanl/Projects/flakes/rails-sample/.gem/ruby/3.3.0/gems/prism-1.7.0/ext/prism
make DESTDIR\= sitearchdir\=./.gem.20260104-60383-371wkz sitelibdir\=./.gem.20260104-60383-371wkz
compiling api_node.c
compiling api_pack.c
compiling extension.c
compiling ./../../src/diagnostic.c
compiling ./../../src/encoding.c
compiling ./../../src/node.c
compiling ./../../src/options.c
compiling ./../../src/pack.c
compiling ./../../src/prettyprint.c
compiling ./../../src/prism.c
compiling ./../../src/regexp.c
compiling ./../../src/serialize.c
compiling ./../../src/static_literals.c
compiling ./../../src/token_type.c
compiling ./../../src/util/pm_buffer.c
compiling ./../../src/util/pm_char.c
compiling ./../../src/util/pm_constant_pool.c
compiling ./../../src/util/pm_integer.c
compiling ./../../src/util/pm_list.c
compiling ./../../src/util/pm_memchr.c
compiling ./../../src/util/pm_newline_list.c
compiling ./../../src/util/pm_string.c
compiling ./../../src/util/pm_strncasecmp.c
compiling ./../../src/util/pm_strpbrk.c
linking shared-object prism/prism.so

current directory: /home/allanl/Projects/flakes/rails-sample/.gem/ruby/3.3.0/gems/prism-1.7.0/ext/prism
make DESTDIR\= sitearchdir\=./.gem.20260104-60383-371wkz sitelibdir\=./.gem.20260104-60383-371wkz install
install -c -p -m 755 prism.so ./.gem.20260104-60383-371wkz/prism

current directory: /home/allanl/Projects/flakes/rails-sample/.gem/ruby/3.3.0/gems/prism-1.7.0/ext/prism
make DESTDIR\= sitearchdir\=./.gem.20260104-60383-371wkz sitelibdir\=./.gem.20260104-60383-371wkz clean
