current directory: /home/allanl/Projects/flakes/t/.gem/ruby/4.0.0/gems/bcrypt_pbkdf-1.1.2/ext/mri
/nix/store/dklnkgb3k5r2hgz190b9y9hcx33sbn5h-ruby-4.0.0/bin/ruby extconf.rb
creating Makefile

current directory: /home/allanl/Projects/flakes/t/.gem/ruby/4.0.0/gems/bcrypt_pbkdf-1.1.2/ext/mri
make -j3 DESTDIR\= sitearchdir\=./.gem.20260104-85057-tawgh8 sitelibdir\=./.gem.20260104-85057-tawgh8 clean

current directory: /home/allanl/Projects/flakes/t/.gem/ruby/4.0.0/gems/bcrypt_pbkdf-1.1.2/ext/mri
make -j3 DESTDIR\= sitearchdir\=./.gem.20260104-85057-tawgh8 sitelibdir\=./.gem.20260104-85057-tawgh8
compiling bcrypt_pbkdf.c
compiling bcrypt_pbkdf_ext.c
compiling blowfish.c
bcrypt_pbkdf_ext.c: In function ‘Init_bcrypt_pbkdf_ext’:
bcrypt_pbkdf_ext.c:38:6: warning: old-style function definition [-Wold-style-definition]
   38 | void Init_bcrypt_pbkdf_ext(){
      |      ^~~~~~~~~~~~~~~~~~~~~
At top level:
cc1: note: unrecognized command-line option ‘-Wno-self-assign’ may have been intended to silence earlier diagnostics
cc1: note: unrecognized command-line option ‘-Wno-parentheses-equality’ may have been intended to silence earlier diagnostics
cc1: note: unrecognized command-line option ‘-Wno-constant-logical-operand’ may have been intended to silence earlier diagnostics
compiling explicit_bzero.c
compiling hash_sha512.c
linking shared-object bcrypt_pbkdf_ext.so

current directory: /home/allanl/Projects/flakes/t/.gem/ruby/4.0.0/gems/bcrypt_pbkdf-1.1.2/ext/mri
make -j3 DESTDIR\= sitearchdir\=./.gem.20260104-85057-tawgh8 sitelibdir\=./.gem.20260104-85057-tawgh8 install
install -c -p -m 755 bcrypt_pbkdf_ext.so ./.gem.20260104-85057-tawgh8

current directory: /home/allanl/Projects/flakes/t/.gem/ruby/4.0.0/gems/bcrypt_pbkdf-1.1.2/ext/mri
make DESTDIR\= sitearchdir\=./.gem.20260104-85057-tawgh8 sitelibdir\=./.gem.20260104-85057-tawgh8 clean
