current directory: /home/allanl/Projects/flakes/t/.gem/ruby/4.0.0/gems/prism-1.7.0/ext/prism
/nix/store/dklnkgb3k5r2hgz190b9y9hcx33sbn5h-ruby-4.0.0/bin/ruby extconf.rb
checking for prism.h in /home/allanl/Projects/flakes/t/.gem/ruby/4.0.0/gems/prism-1.7.0/include... yes
checking for prism/extension.h in /home/allanl/Projects/flakes/t/.gem/ruby/4.0.0/gems/prism-1.7.0/ext... yes
checking for whether -fvisibility=hidden is accepted as CFLAGS... yes
creating Makefile

current directory: /home/allanl/Projects/flakes/t/.gem/ruby/4.0.0/gems/prism-1.7.0/ext/prism
make -j3 DESTDIR\= sitearchdir\=./.gem.20260104-85057-aovpp5 sitelibdir\=./.gem.20260104-85057-aovpp5 clean

current directory: /home/allanl/Projects/flakes/t/.gem/ruby/4.0.0/gems/prism-1.7.0/ext/prism
make -j3 DESTDIR\= sitearchdir\=./.gem.20260104-85057-aovpp5 sitelibdir\=./.gem.20260104-85057-aovpp5
compiling api_node.c
compiling api_pack.c
compiling extension.c
compiling ./../../src/diagnostic.c
compiling ./../../src/encoding.c
compiling ./../../src/node.c
compiling ./../../src/options.c
compiling ./../../src/pack.c
compiling ./../../src/prettyprint.c
compiling ./../../src/prism.c
compiling ./../../src/regexp.c
compiling ./../../src/serialize.c
compiling ./../../src/static_literals.c
compiling ./../../src/token_type.c
compiling ./../../src/util/pm_buffer.c
compiling ./../../src/util/pm_char.c
compiling ./../../src/util/pm_constant_pool.c
compiling ./../../src/util/pm_integer.c
compiling ./../../src/util/pm_list.c
compiling ./../../src/util/pm_memchr.c
compiling ./../../src/util/pm_newline_list.c
compiling ./../../src/util/pm_string.c
compiling ./../../src/util/pm_strncasecmp.c
compiling ./../../src/util/pm_strpbrk.c
linking shared-object prism/prism.so

current directory: /home/allanl/Projects/flakes/t/.gem/ruby/4.0.0/gems/prism-1.7.0/ext/prism
make -j3 DESTDIR\= sitearchdir\=./.gem.20260104-85057-aovpp5 sitelibdir\=./.gem.20260104-85057-aovpp5 install
install -c -p -m 755 prism.so ./.gem.20260104-85057-aovpp5/prism

current directory: /home/allanl/Projects/flakes/t/.gem/ruby/4.0.0/gems/prism-1.7.0/ext/prism
make DESTDIR\= sitearchdir\=./.gem.20260104-85057-aovpp5 sitelibdir\=./.gem.20260104-85057-aovpp5 clean
