current directory: /home/allanl/Projects/flakes/t/.gem/ruby/4.0.0/gems/json-2.18.0/ext/json/ext/parser
/nix/store/dklnkgb3k5r2hgz190b9y9hcx33sbn5h-ruby-4.0.0/bin/ruby extconf.rb
checking for rb_enc_interned_str() in ruby/encoding.h... yes
checking for rb_str_to_interned_str() in ruby.h... yes
checking for rb_hash_new_capa() in ruby.h... yes
checking for rb_hash_bulk_insert() in ruby.h... yes
checking for whether -std=c99 is accepted as CFLAGS... yes
checking for x86intrin.h... yes
checking for cpuid.h... yes
creating Makefile

current directory: /home/allanl/Projects/flakes/t/.gem/ruby/4.0.0/gems/json-2.18.0/ext/json/ext/parser
make -j3 DESTDIR\= sitearchdir\=./.gem.20260104-85057-p29zyx sitelibdir\=./.gem.20260104-85057-p29zyx clean

current directory: /home/allanl/Projects/flakes/t/.gem/ruby/4.0.0/gems/json-2.18.0/ext/json/ext/parser
make -j3 DESTDIR\= sitearchdir\=./.gem.20260104-85057-p29zyx sitelibdir\=./.gem.20260104-85057-p29zyx
compiling parser.c
linking shared-object json/ext/parser.so

current directory: /home/allanl/Projects/flakes/t/.gem/ruby/4.0.0/gems/json-2.18.0/ext/json/ext/parser
make -j3 DESTDIR\= sitearchdir\=./.gem.20260104-85057-p29zyx sitelibdir\=./.gem.20260104-85057-p29zyx install
install -c -p -m 755 parser.so ./.gem.20260104-85057-p29zyx/json/ext

current directory: /home/allanl/Projects/flakes/t/.gem/ruby/4.0.0/gems/json-2.18.0/ext/json/ext/parser
make DESTDIR\= sitearchdir\=./.gem.20260104-85057-p29zyx sitelibdir\=./.gem.20260104-85057-p29zyx clean
