current directory: /home/allanl/Projects/flakes/t/.gem/ruby/4.0.0/gems/puma-7.1.0/ext/puma_http11
/nix/store/dklnkgb3k5r2hgz190b9y9hcx33sbn5h-ruby-4.0.0/bin/ruby extconf.rb
checking for pkg-config for openssl... not found
checking for BIO_read() in -llibcrypto... no
checking for BIO_read() in -lcrypto... no
checking for BIO_read() in -llibeay32... no
** Puma will be compiled without SSL support
creating Makefile

current directory: /home/allanl/Projects/flakes/t/.gem/ruby/4.0.0/gems/puma-7.1.0/ext/puma_http11
make -j3 DESTDIR\= sitearchdir\=./.gem.20260104-85057-rfemdp sitelibdir\=./.gem.20260104-85057-rfemdp clean

current directory: /home/allanl/Projects/flakes/t/.gem/ruby/4.0.0/gems/puma-7.1.0/ext/puma_http11
make -j3 DESTDIR\= sitearchdir\=./.gem.20260104-85057-rfemdp sitelibdir\=./.gem.20260104-85057-rfemdp
compiling http11_parser.c
compiling puma_http11.c
compiling mini_ssl.c
linking shared-object puma/puma_http11.so

current directory: /home/allanl/Projects/flakes/t/.gem/ruby/4.0.0/gems/puma-7.1.0/ext/puma_http11
make -j3 DESTDIR\= sitearchdir\=./.gem.20260104-85057-rfemdp sitelibdir\=./.gem.20260104-85057-rfemdp install
install -c -p -m 755 puma_http11.so ./.gem.20260104-85057-rfemdp/puma

current directory: /home/allanl/Projects/flakes/t/.gem/ruby/4.0.0/gems/puma-7.1.0/ext/puma_http11
make DESTDIR\= sitearchdir\=./.gem.20260104-85057-rfemdp sitelibdir\=./.gem.20260104-85057-rfemdp clean
