current directory: /home/allanl/Projects/flakes/t/.gem/ruby/4.0.0/gems/psych-5.3.1/ext/psych
/nix/store/dklnkgb3k5r2hgz190b9y9hcx33sbn5h-ruby-4.0.0/bin/ruby extconf.rb
checking for pkg-config for yaml-0.1... ["-I/nix/store/dhw017kn9cl46lk0ndfhq92dn84h68sd-libyaml-0.2.5-dev/include ", "-L/nix/store/5m4m5wbnx411zsfs6ckgnkidrz672l8k-libyaml-0.2.5/lib", "-lyaml"]
creating Makefile

current directory: /home/allanl/Projects/flakes/t/.gem/ruby/4.0.0/gems/psych-5.3.1/ext/psych
make -j3 DESTDIR\= sitearchdir\=./.gem.20260104-87892-j0jnmz sitelibdir\=./.gem.20260104-87892-j0jnmz clean
cd libyaml && make clean
/bin/sh: line 1: cd: libyaml: No such file or directory
make: [Makefile:287: clean-so] Error 1 (ignored)

current directory: /home/allanl/Projects/flakes/t/.gem/ruby/4.0.0/gems/psych-5.3.1/ext/psych
make -j3 DESTDIR\= sitearchdir\=./.gem.20260104-87892-j0jnmz sitelibdir\=./.gem.20260104-87892-j0jnmz
compiling psych.c
compiling psych_parser.c
compiling psych_emitter.c
compiling psych_to_ruby.c
compiling psych_yaml_tree.c
linking shared-object psych.so

current directory: /home/allanl/Projects/flakes/t/.gem/ruby/4.0.0/gems/psych-5.3.1/ext/psych
make -j3 DESTDIR\= sitearchdir\=./.gem.20260104-87892-j0jnmz sitelibdir\=./.gem.20260104-87892-j0jnmz install
install -c -p -m 755 psych.so ./.gem.20260104-87892-j0jnmz

current directory: /home/allanl/Projects/flakes/t/.gem/ruby/4.0.0/gems/psych-5.3.1/ext/psych
make DESTDIR\= sitearchdir\=./.gem.20260104-87892-j0jnmz sitelibdir\=./.gem.20260104-87892-j0jnmz clean
cd libyaml && make clean
/bin/sh: line 1: cd: libyaml: No such file or directory
make: [Makefile:287: clean-so] Error 1 (ignored)
