current directory: /home/allanl/Projects/flakes/t/.gem/ruby/4.0.0/gems/websocket-driver-0.8.0/ext/websocket-driver
/nix/store/dklnkgb3k5r2hgz190b9y9hcx33sbn5h-ruby-4.0.0/bin/ruby extconf.rb
creating Makefile

current directory: /home/allanl/Projects/flakes/t/.gem/ruby/4.0.0/gems/websocket-driver-0.8.0/ext/websocket-driver
make -j3 DESTDIR\= sitearchdir\=./.gem.20260104-85057-7l8s0e sitelibdir\=./.gem.20260104-85057-7l8s0e clean

current directory: /home/allanl/Projects/flakes/t/.gem/ruby/4.0.0/gems/websocket-driver-0.8.0/ext/websocket-driver
make -j3 DESTDIR\= sitearchdir\=./.gem.20260104-85057-7l8s0e sitelibdir\=./.gem.20260104-85057-7l8s0e
compiling websocket_mask.c
websocket_mask.c: In function ‘Init_websocket_mask’:
websocket_mask.c:26:6: warning: old-style function definition [-Wold-style-definition]
   26 | void Init_websocket_mask()
      |      ^~~~~~~~~~~~~~~~~~~
At top level:
cc1: note: unrecognized command-line option ‘-Wno-self-assign’ may have been intended to silence earlier diagnostics
cc1: note: unrecognized command-line option ‘-Wno-parentheses-equality’ may have been intended to silence earlier diagnostics
cc1: note: unrecognized command-line option ‘-Wno-constant-logical-operand’ may have been intended to silence earlier diagnostics
linking shared-object websocket_mask.so

current directory: /home/allanl/Projects/flakes/t/.gem/ruby/4.0.0/gems/websocket-driver-0.8.0/ext/websocket-driver
make -j3 DESTDIR\= sitearchdir\=./.gem.20260104-85057-7l8s0e sitelibdir\=./.gem.20260104-85057-7l8s0e install
install -c -p -m 755 websocket_mask.so ./.gem.20260104-85057-7l8s0e

current directory: /home/allanl/Projects/flakes/t/.gem/ruby/4.0.0/gems/websocket-driver-0.8.0/ext/websocket-driver
make DESTDIR\= sitearchdir\=./.gem.20260104-85057-7l8s0e sitelibdir\=./.gem.20260104-85057-7l8s0e clean
