current directory: /home/allanl/Projects/flakes/rails-sample/.gem/ruby/3.3.0/gems/ed25519-1.4.0/ext/ed25519_ref10
/nix/store/x5y7r23d2j2g0rq7dqfvka9zqc3qfhz8-ruby-3.3.10/bin/ruby extconf.rb
checking for whether -Wall is accepted as CFLAGS... yes
checking for whether -O3 is accepted as CFLAGS... yes
checking for whether -pedantic is accepted as CFLAGS... yes
checking for whether -std=c99 is accepted as CFLAGS... no
creating Makefile

current directory: /home/allanl/Projects/flakes/rails-sample/.gem/ruby/3.3.0/gems/ed25519-1.4.0/ext/ed25519_ref10
make DESTDIR\= sitearchdir\=./.gem.20260104-60383-jinabn sitelibdir\=./.gem.20260104-60383-jinabn clean

current directory: /home/allanl/Projects/flakes/rails-sample/.gem/ruby/3.3.0/gems/ed25519-1.4.0/ext/ed25519_ref10
make DESTDIR\= sitearchdir\=./.gem.20260104-60383-jinabn sitelibdir\=./.gem.20260104-60383-jinabn
compiling ed25519_ref10.c
compiling fe.c
compiling ge.c
compiling keypair.c
compiling open.c
compiling sc_muladd.c
compiling sc_reduce.c
compiling sha512.c
compiling sign.c
compiling verify.c
linking shared-object ed25519_ref10.so

current directory: /home/allanl/Projects/flakes/rails-sample/.gem/ruby/3.3.0/gems/ed25519-1.4.0/ext/ed25519_ref10
make DESTDIR\= sitearchdir\=./.gem.20260104-60383-jinabn sitelibdir\=./.gem.20260104-60383-jinabn install
install -c -p -m 755 ed25519_ref10.so ./.gem.20260104-60383-jinabn

current directory: /home/allanl/Projects/flakes/rails-sample/.gem/ruby/3.3.0/gems/ed25519-1.4.0/ext/ed25519_ref10
make DESTDIR\= sitearchdir\=./.gem.20260104-60383-jinabn sitelibdir\=./.gem.20260104-60383-jinabn clean
