current directory: /home/allanl/Projects/flakes/t/.gem/ruby/4.0.0/gems/ed25519-1.4.0/ext/ed25519_ref10
/nix/store/dklnkgb3k5r2hgz190b9y9hcx33sbn5h-ruby-4.0.0/bin/ruby extconf.rb
checking for whether -Wall is accepted as CFLAGS... yes
checking for whether -O3 is accepted as CFLAGS... yes
checking for whether -pedantic is accepted as CFLAGS... no
checking for whether -std=c99 is accepted as CFLAGS... yes
creating Makefile

current directory: /home/allanl/Projects/flakes/t/.gem/ruby/4.0.0/gems/ed25519-1.4.0/ext/ed25519_ref10
make -j3 DESTDIR\= sitearchdir\=./.gem.20260104-85057-rihk43 sitelibdir\=./.gem.20260104-85057-rihk43 clean

current directory: /home/allanl/Projects/flakes/t/.gem/ruby/4.0.0/gems/ed25519-1.4.0/ext/ed25519_ref10
make -j3 DESTDIR\= sitearchdir\=./.gem.20260104-85057-rihk43 sitelibdir\=./.gem.20260104-85057-rihk43
compiling ed25519_ref10.c
compiling ge.c
compiling fe.c
ed25519_ref10.c: In function ‘Init_ed25519_ref10’:
ed25519_ref10.c:12:6: warning: old-style function definition [-Wold-style-definition]
   12 | void Init_ed25519_ref10()
      |      ^~~~~~~~~~~~~~~~~~
At top level:
cc1: note: unrecognized command-line option ‘-Wno-self-assign’ may have been intended to silence earlier diagnostics
cc1: note: unrecognized command-line option ‘-Wno-parentheses-equality’ may have been intended to silence earlier diagnostics
cc1: note: unrecognized command-line option ‘-Wno-constant-logical-operand’ may have been intended to silence earlier diagnostics
compiling keypair.c
compiling open.c
compiling sc_muladd.c
compiling sc_reduce.c
compiling sha512.c
compiling sign.c
compiling verify.c
linking shared-object ed25519_ref10.so

current directory: /home/allanl/Projects/flakes/t/.gem/ruby/4.0.0/gems/ed25519-1.4.0/ext/ed25519_ref10
make -j3 DESTDIR\= sitearchdir\=./.gem.20260104-85057-rihk43 sitelibdir\=./.gem.20260104-85057-rihk43 install
install -c -p -m 755 ed25519_ref10.so ./.gem.20260104-85057-rihk43

current directory: /home/allanl/Projects/flakes/t/.gem/ruby/4.0.0/gems/ed25519-1.4.0/ext/ed25519_ref10
make DESTDIR\= sitearchdir\=./.gem.20260104-85057-rihk43 sitelibdir\=./.gem.20260104-85057-rihk43 clean
