have_type: checking for rb_io_mode_t in ruby/io.h... -------------------- no

LD_LIBRARY_PATH=.:/nix/store/x5y7r23d2j2g0rq7dqfvka9zqc3qfhz8-ruby-3.3.10/lib "gcc -o conftest -I/nix/store/x5y7r23d2j2g0rq7dqfvka9zqc3qfhz8-ruby-3.3.10/include/ruby-3.3.0/x86_64-linux -I/nix/store/x5y7r23d2j2g0rq7dqfvka9zqc3qfhz8-ruby-3.3.10/include/ruby-3.3.0/ruby/backward -I/nix/store/x5y7r23d2j2g0rq7dqfvka9zqc3qfhz8-ruby-3.3.10/include/ruby-3.3.0 -I.    -O3 -fPIC conftest.c  -L. -L/nix/store/x5y7r23d2j2g0rq7dqfvka9zqc3qfhz8-ruby-3.3.10/lib -Wl,-rpath,/nix/store/x5y7r23d2j2g0rq7dqfvka9zqc3qfhz8-ruby-3.3.10/lib -L. -fstack-protector-strong -rdynamic -Wl,-export-dynamic -Wl,--no-as-needed     -Wl,-rpath,/nix/store/x5y7r23d2j2g0rq7dqfvka9zqc3qfhz8-ruby-3.3.10/lib -L/nix/store/x5y7r23d2j2g0rq7dqfvka9zqc3qfhz8-ruby-3.3.10/lib -lruby-3.3.10  -lm -lpthread  -lc"
checked program was:
/* begin */
1: #include "ruby.h"
2: 
3: int main(int argc, char **argv)
4: {
5:   return !!argv[argc];
6: }
/* end */

LD_LIBRARY_PATH=.:/nix/store/x5y7r23d2j2g0rq7dqfvka9zqc3qfhz8-ruby-3.3.10/lib "gcc -I/nix/store/x5y7r23d2j2g0rq7dqfvka9zqc3qfhz8-ruby-3.3.10/include/ruby-3.3.0/x86_64-linux -I/nix/store/x5y7r23d2j2g0rq7dqfvka9zqc3qfhz8-ruby-3.3.10/include/ruby-3.3.0/ruby/backward -I/nix/store/x5y7r23d2j2g0rq7dqfvka9zqc3qfhz8-ruby-3.3.10/include/ruby-3.3.0 -I.    -O3 -fPIC   -c conftest.c"
conftest.c:6:9: error: unknown type name ‘rb_io_mode_t’; did you mean ‘rb_mode_t’?
    6 | typedef rb_io_mode_t conftest_type;
      |         ^~~~~~~~~~~~
      |         rb_mode_t
checked program was:
/* begin */
1: #include "ruby.h"
2: 
3: #include <ruby/io.h>
4: 
5: /*top*/
6: typedef rb_io_mode_t conftest_type;
7: int conftestval[sizeof(conftest_type)?1:-1];
/* end */

--------------------

