current directory: /home/allanl/Projects/flakes/rails-sample/.gem/ruby/3.3.0/gems/puma-7.1.0/ext/puma_http11
/nix/store/x5y7r23d2j2g0rq7dqfvka9zqc3qfhz8-ruby-3.3.10/bin/ruby extconf.rb
checking for pkg-config for openssl... ["-I/nix/store/2ivy0r8ab3bnps5957vfrxcjfcgad661-openssl-3.6.0-dev/include ", "-L/nix/store/rfm5m2l26lqkskcvxn5bm5xqh6c8wqr5-openssl-3.6.0/lib", "-lssl -lcrypto"]
──── Using OpenSSL pkgconfig (openssl.pc) ────
checking for openssl/bio.h... yes

──── Below are yes for 1.0.2 & later ────
checking for DTLS_method() in openssl/ssl.h... yes
checking for SSL_CTX_set_session_cache_mode(NULL, 0) in openssl/ssl.h... yes

──── Below are yes for 1.1.0 & later ────
checking for TLS_server_method() in openssl/ssl.h... yes
checking for SSL_CTX_set_min_proto_version(NULL, 0) in openssl/ssl.h... yes

──── Below is yes for 1.1.0 and later, but isn't documented until 3.0.0 ────
checking for SSL_CTX_set_dh_auto(NULL, 0) in openssl/ssl.h... yes

──── Below is yes for 1.1.1 & later ────
checking for SSL_CTX_set_ciphersuites(NULL, "") in openssl/ssl.h... yes

──── Below is yes for 3.0.0 & later ────
checking for SSL_get1_peer_certificate() in openssl/ssl.h... yes

creating Makefile

current directory: /home/allanl/Projects/flakes/rails-sample/.gem/ruby/3.3.0/gems/puma-7.1.0/ext/puma_http11
make DESTDIR\= sitearchdir\=./.gem.20260104-60383-825u7j sitelibdir\=./.gem.20260104-60383-825u7j clean

current directory: /home/allanl/Projects/flakes/rails-sample/.gem/ruby/3.3.0/gems/puma-7.1.0/ext/puma_http11
make DESTDIR\= sitearchdir\=./.gem.20260104-60383-825u7j sitelibdir\=./.gem.20260104-60383-825u7j
compiling http11_parser.c
compiling mini_ssl.c
compiling puma_http11.c
linking shared-object puma/puma_http11.so

current directory: /home/allanl/Projects/flakes/rails-sample/.gem/ruby/3.3.0/gems/puma-7.1.0/ext/puma_http11
make DESTDIR\= sitearchdir\=./.gem.20260104-60383-825u7j sitelibdir\=./.gem.20260104-60383-825u7j install
install -c -p -m 755 puma_http11.so ./.gem.20260104-60383-825u7j/puma

current directory: /home/allanl/Projects/flakes/rails-sample/.gem/ruby/3.3.0/gems/puma-7.1.0/ext/puma_http11
make DESTDIR\= sitearchdir\=./.gem.20260104-60383-825u7j sitelibdir\=./.gem.20260104-60383-825u7j clean
