current directory: /home/allanl/Projects/flakes/t/.gem/ruby/4.0.0/gems/io-console-0.8.2/ext/io/console
/nix/store/dklnkgb3k5r2hgz190b9y9hcx33sbn5h-ruby-4.0.0/bin/ruby extconf.rb
checking for rb_syserr_fail_str(0, Qnil)... yes
checking for rb_interned_str_cstr()... yes
checking for rb_io_path() in ruby/io.h... yes
checking for rb_io_descriptor() in ruby/io.h... yes
checking for rb_io_get_write_io() in ruby/io.h... yes
checking for rb_io_closed_p() in ruby/io.h... yes
checking for rb_io_open_descriptor() in ruby/io.h... yes
checking for rb_ractor_local_storage_value_newkey()... yes
checking for termios.h... yes
checking for cfmakeraw() in termios.h... yes
checking for sys/ioctl.h... yes
checking for HAVE_RUBY_FIBER_SCHEDULER_H... yes
checking for ttyname_r()... yes
creating Makefile

current directory: /home/allanl/Projects/flakes/t/.gem/ruby/4.0.0/gems/io-console-0.8.2/ext/io/console
make -j3 DESTDIR\= sitearchdir\=./.gem.20260104-85057-x4p3uu sitelibdir\=./.gem.20260104-85057-x4p3uu clean

current directory: /home/allanl/Projects/flakes/t/.gem/ruby/4.0.0/gems/io-console-0.8.2/ext/io/console
make -j3 DESTDIR\= sitearchdir\=./.gem.20260104-85057-x4p3uu sitelibdir\=./.gem.20260104-85057-x4p3uu
compiling console.c
linking shared-object io/console.so

current directory: /home/allanl/Projects/flakes/t/.gem/ruby/4.0.0/gems/io-console-0.8.2/ext/io/console
make -j3 DESTDIR\= sitearchdir\=./.gem.20260104-85057-x4p3uu sitelibdir\=./.gem.20260104-85057-x4p3uu install
install -c -p -m 755 console.so ./.gem.20260104-85057-x4p3uu/io

current directory: /home/allanl/Projects/flakes/t/.gem/ruby/4.0.0/gems/io-console-0.8.2/ext/io/console
make DESTDIR\= sitearchdir\=./.gem.20260104-85057-x4p3uu sitelibdir\=./.gem.20260104-85057-x4p3uu clean
