current directory: /home/allanl/Projects/flakes/rails-sample/.gem/ruby/3.3.0/gems/psych-5.3.1/ext/psych
/nix/store/x5y7r23d2j2g0rq7dqfvka9zqc3qfhz8-ruby-3.3.10/bin/ruby extconf.rb
checking for pkg-config for yaml-0.1... ["-I/nix/store/pi71irdw0lli7343fgg7gdf9nilba6xv-libyaml-0.2.5-dev/include ", "-L/nix/store/f0ydndg4x7zpvm3dynhxr7wam5viyi2y-libyaml-0.2.5/lib", "-lyaml"]
creating Makefile

current directory: /home/allanl/Projects/flakes/rails-sample/.gem/ruby/3.3.0/gems/psych-5.3.1/ext/psych
make DESTDIR\= sitearchdir\=./.gem.20260104-60383-p2owf1 sitelibdir\=./.gem.20260104-60383-p2owf1 clean
cd libyaml && make clean
/bin/sh: line 1: cd: libyaml: No such file or directory
make: [Makefile:283: clean-so] Error 1 (ignored)

current directory: /home/allanl/Projects/flakes/rails-sample/.gem/ruby/3.3.0/gems/psych-5.3.1/ext/psych
make DESTDIR\= sitearchdir\=./.gem.20260104-60383-p2owf1 sitelibdir\=./.gem.20260104-60383-p2owf1
compiling psych.c
compiling psych_emitter.c
compiling psych_parser.c
compiling psych_to_ruby.c
compiling psych_yaml_tree.c
linking shared-object psych.so

current directory: /home/allanl/Projects/flakes/rails-sample/.gem/ruby/3.3.0/gems/psych-5.3.1/ext/psych
make DESTDIR\= sitearchdir\=./.gem.20260104-60383-p2owf1 sitelibdir\=./.gem.20260104-60383-p2owf1 install
install -c -p -m 755 psych.so ./.gem.20260104-60383-p2owf1

current directory: /home/allanl/Projects/flakes/rails-sample/.gem/ruby/3.3.0/gems/psych-5.3.1/ext/psych
make DESTDIR\= sitearchdir\=./.gem.20260104-60383-p2owf1 sitelibdir\=./.gem.20260104-60383-p2owf1 clean
cd libyaml && make clean
/bin/sh: line 1: cd: libyaml: No such file or directory
make: [Makefile:283: clean-so] Error 1 (ignored)
