pkg_config: checking for pkg-config for yaml-0.1... -------------------- ["-I/nix/store/pi71irdw0lli7343fgg7gdf9nilba6xv-libyaml-0.2.5-dev/include ", "-L/nix/store/f0ydndg4x7zpvm3dynhxr7wam5viyi2y-libyaml-0.2.5/lib", "-lyaml"]

LD_LIBRARY_PATH=.:/nix/store/x5y7r23d2j2g0rq7dqfvka9zqc3qfhz8-ruby-3.3.10/lib pkg-config --exists yaml-0.1
LD_LIBRARY_PATH=.:/nix/store/x5y7r23d2j2g0rq7dqfvka9zqc3qfhz8-ruby-3.3.10/lib pkg-config --libs yaml-0.1 |
=> "-L/nix/store/f0ydndg4x7zpvm3dynhxr7wam5viyi2y-libyaml-0.2.5/lib -lyaml\n"
LD_LIBRARY_PATH=.:/nix/store/x5y7r23d2j2g0rq7dqfvka9zqc3qfhz8-ruby-3.3.10/lib "gcc -o conftest -I/nix/store/x5y7r23d2j2g0rq7dqfvka9zqc3qfhz8-ruby-3.3.10/include/ruby-3.3.0/x86_64-linux -I/nix/store/x5y7r23d2j2g0rq7dqfvka9zqc3qfhz8-ruby-3.3.10/include/ruby-3.3.0/ruby/backward -I/nix/store/x5y7r23d2j2g0rq7dqfvka9zqc3qfhz8-ruby-3.3.10/include/ruby-3.3.0 -I.    -O3 -fPIC conftest.c  -L. -L/nix/store/x5y7r23d2j2g0rq7dqfvka9zqc3qfhz8-ruby-3.3.10/lib -Wl,-rpath,/nix/store/x5y7r23d2j2g0rq7dqfvka9zqc3qfhz8-ruby-3.3.10/lib -L. -fstack-protector-strong -rdynamic -Wl,-export-dynamic -Wl,--no-as-needed     -Wl,-rpath,/nix/store/x5y7r23d2j2g0rq7dqfvka9zqc3qfhz8-ruby-3.3.10/lib -L/nix/store/x5y7r23d2j2g0rq7dqfvka9zqc3qfhz8-ruby-3.3.10/lib -lruby-3.3.10  -lm -lpthread  -lc"
checked program was:
/* begin */
1: #include "ruby.h"
2: 
3: int main(int argc, char **argv)
4: {
5:   return !!argv[argc];
6: }
/* end */

LD_LIBRARY_PATH=.:/nix/store/x5y7r23d2j2g0rq7dqfvka9zqc3qfhz8-ruby-3.3.10/lib "gcc -o conftest -I/nix/store/x5y7r23d2j2g0rq7dqfvka9zqc3qfhz8-ruby-3.3.10/include/ruby-3.3.0/x86_64-linux -I/nix/store/x5y7r23d2j2g0rq7dqfvka9zqc3qfhz8-ruby-3.3.10/include/ruby-3.3.0/ruby/backward -I/nix/store/x5y7r23d2j2g0rq7dqfvka9zqc3qfhz8-ruby-3.3.10/include/ruby-3.3.0 -I.    -O3 -fPIC conftest.c  -L. -L/nix/store/x5y7r23d2j2g0rq7dqfvka9zqc3qfhz8-ruby-3.3.10/lib -Wl,-rpath,/nix/store/x5y7r23d2j2g0rq7dqfvka9zqc3qfhz8-ruby-3.3.10/lib -L. -fstack-protector-strong -rdynamic -Wl,-export-dynamic -Wl,--no-as-needed     -Wl,-rpath,/nix/store/x5y7r23d2j2g0rq7dqfvka9zqc3qfhz8-ruby-3.3.10/lib -L/nix/store/x5y7r23d2j2g0rq7dqfvka9zqc3qfhz8-ruby-3.3.10/lib -lruby-3.3.10 -L/nix/store/f0ydndg4x7zpvm3dynhxr7wam5viyi2y-libyaml-0.2.5/lib -lyaml -lm -lpthread  -lc"
checked program was:
/* begin */
1: #include "ruby.h"
2: 
3: int main(int argc, char **argv)
4: {
5:   return !!argv[argc];
6: }
/* end */

LD_LIBRARY_PATH=.:/nix/store/x5y7r23d2j2g0rq7dqfvka9zqc3qfhz8-ruby-3.3.10/lib pkg-config --cflags-only-I yaml-0.1 |
=> "-I/nix/store/pi71irdw0lli7343fgg7gdf9nilba6xv-libyaml-0.2.5-dev/include\n"
LD_LIBRARY_PATH=.:/nix/store/x5y7r23d2j2g0rq7dqfvka9zqc3qfhz8-ruby-3.3.10/lib pkg-config --cflags-only-other yaml-0.1 |
=> "\n"
LD_LIBRARY_PATH=.:/nix/store/x5y7r23d2j2g0rq7dqfvka9zqc3qfhz8-ruby-3.3.10/lib pkg-config --libs-only-l yaml-0.1 |
=> "-lyaml\n"
package configuration for yaml-0.1
incflags: -I/nix/store/pi71irdw0lli7343fgg7gdf9nilba6xv-libyaml-0.2.5-dev/include
cflags: 
ldflags: -L/nix/store/f0ydndg4x7zpvm3dynhxr7wam5viyi2y-libyaml-0.2.5/lib
libs: -lyaml

--------------------

