current directory: /home/allanl/Projects/flakes/t/.gem/ruby/4.0.0/gems/date-3.5.1/ext/date
/nix/store/dklnkgb3k5r2hgz190b9y9hcx33sbn5h-ruby-4.0.0/bin/ruby extconf.rb
checking for rb_category_warn()... yes
checking for timezone in time.h with -Werror... yes
checking for altzone in time.h with -Werror... no
creating Makefile

current directory: /home/allanl/Projects/flakes/t/.gem/ruby/4.0.0/gems/date-3.5.1/ext/date
make -j3 DESTDIR\= sitearchdir\=./.gem.20260104-85057-ccmse7 sitelibdir\=./.gem.20260104-85057-ccmse7 clean

current directory: /home/allanl/Projects/flakes/t/.gem/ruby/4.0.0/gems/date-3.5.1/ext/date
make -j3 DESTDIR\= sitearchdir\=./.gem.20260104-85057-ccmse7 sitelibdir\=./.gem.20260104-85057-ccmse7
compiling date_core.c
compiling date_parse.c
compiling date_strftime.c
compiling date_strptime.c
linking shared-object date_core.so

current directory: /home/allanl/Projects/flakes/t/.gem/ruby/4.0.0/gems/date-3.5.1/ext/date
make -j3 DESTDIR\= sitearchdir\=./.gem.20260104-85057-ccmse7 sitelibdir\=./.gem.20260104-85057-ccmse7 install
install -c -p -m 755 date_core.so ./.gem.20260104-85057-ccmse7

current directory: /home/allanl/Projects/flakes/t/.gem/ruby/4.0.0/gems/date-3.5.1/ext/date
make DESTDIR\= sitearchdir\=./.gem.20260104-85057-ccmse7 sitelibdir\=./.gem.20260104-85057-ccmse7 clean
