current directory: /home/allanl/Projects/flakes/rails-sample/.gem/ruby/3.3.0/gems/date-3.5.1/ext/date
/nix/store/x5y7r23d2j2g0rq7dqfvka9zqc3qfhz8-ruby-3.3.10/bin/ruby extconf.rb
checking for rb_category_warn()... yes
checking for timezone in time.h with  -Werror... yes
checking for altzone in time.h with  -Werror... no
creating Makefile

current directory: /home/allanl/Projects/flakes/rails-sample/.gem/ruby/3.3.0/gems/date-3.5.1/ext/date
make DESTDIR\= sitearchdir\=./.gem.20260104-60383-okyzlb sitelibdir\=./.gem.20260104-60383-okyzlb clean

current directory: /home/allanl/Projects/flakes/rails-sample/.gem/ruby/3.3.0/gems/date-3.5.1/ext/date
make DESTDIR\= sitearchdir\=./.gem.20260104-60383-okyzlb sitelibdir\=./.gem.20260104-60383-okyzlb
compiling date_core.c
compiling date_parse.c
compiling date_strftime.c
compiling date_strptime.c
linking shared-object date_core.so

current directory: /home/allanl/Projects/flakes/rails-sample/.gem/ruby/3.3.0/gems/date-3.5.1/ext/date
make DESTDIR\= sitearchdir\=./.gem.20260104-60383-okyzlb sitelibdir\=./.gem.20260104-60383-okyzlb install
install -c -p -m 755 date_core.so ./.gem.20260104-60383-okyzlb

current directory: /home/allanl/Projects/flakes/rails-sample/.gem/ruby/3.3.0/gems/date-3.5.1/ext/date
make DESTDIR\= sitearchdir\=./.gem.20260104-60383-okyzlb sitelibdir\=./.gem.20260104-60383-okyzlb clean
