current directory: /home/allanl/Projects/flakes/rails-sample/.gem/ruby/3.3.0/gems/json-2.18.0/ext/json/ext/parser
/nix/store/x5y7r23d2j2g0rq7dqfvka9zqc3qfhz8-ruby-3.3.10/bin/ruby extconf.rb
checking for rb_enc_interned_str() in ruby/encoding.h... yes
checking for rb_str_to_interned_str() in ruby.h... yes
checking for rb_hash_new_capa() in ruby.h... yes
checking for rb_hash_bulk_insert() in ruby.h... yes
checking for whether -std=c99 is accepted as CFLAGS... yes
checking for x86intrin.h... yes
checking for cpuid.h... yes
creating Makefile

current directory: /home/allanl/Projects/flakes/rails-sample/.gem/ruby/3.3.0/gems/json-2.18.0/ext/json/ext/parser
make DESTDIR\= sitearchdir\=./.gem.20260104-60383-fo93r2 sitelibdir\=./.gem.20260104-60383-fo93r2 clean

current directory: /home/allanl/Projects/flakes/rails-sample/.gem/ruby/3.3.0/gems/json-2.18.0/ext/json/ext/parser
make DESTDIR\= sitearchdir\=./.gem.20260104-60383-fo93r2 sitelibdir\=./.gem.20260104-60383-fo93r2
compiling parser.c
linking shared-object json/ext/parser.so

current directory: /home/allanl/Projects/flakes/rails-sample/.gem/ruby/3.3.0/gems/json-2.18.0/ext/json/ext/parser
make DESTDIR\= sitearchdir\=./.gem.20260104-60383-fo93r2 sitelibdir\=./.gem.20260104-60383-fo93r2 install
install -c -p -m 755 parser.so ./.gem.20260104-60383-fo93r2/json/ext

current directory: /home/allanl/Projects/flakes/rails-sample/.gem/ruby/3.3.0/gems/json-2.18.0/ext/json/ext/parser
make DESTDIR\= sitearchdir\=./.gem.20260104-60383-fo93r2 sitelibdir\=./.gem.20260104-60383-fo93r2 clean
